<?xml version="1.0" encoding="UTF-8"?>
<!-- Generated by org.testng.reporters.JUnitXMLReporter -->
<testsuite hostname="XIN009OLAB36194" name="Test" tests="1" failures="1" timestamp="14 Jun 2016 10:48:12 GMT" time="62.237" errors="0">
  <testcase name="testEasy" time="39.5" classname="jen.LearningTest">
    <failure type="java.lang.AssertionError" message="expected [true] but found [false]">
      <![CDATA[java.lang.AssertionError: expected [true] but found [false]
	at jen.LearningTest.testEasy(LearningTest.java:15)
... Removed 28 stack frames]]>
    </failure>
  </testcase> <!-- testEasy -->
</testsuite> <!-- Test -->
