<?xml version="1.0" encoding="UTF-8"?>
<testng-results skipped="0" failed="0" total="1" passed="1">
  <reporter-output>
  </reporter-output>
  <suite name="Suite" duration-ms="17345" started-at="2016-06-13T12:19:50Z" finished-at="2016-06-13T12:20:07Z">
    <groups>
    </groups>
    <test name="Test" duration-ms="17345" started-at="2016-06-13T12:19:50Z" finished-at="2016-06-13T12:20:07Z">
      <class name="jen.LearningTest">
        <test-method status="PASS" signature="beforeTest()[pri:0, instance:jen.LearningTest@51081592]" name="beforeTest" is-config="true" duration-ms="9599" started-at="2016-06-13T17:49:50Z" finished-at="2016-06-13T17:49:59Z">
          <reporter-output>
          </reporter-output>
        </test-method> <!-- beforeTest -->
        <test-method status="PASS" signature="testEasy()[pri:0, instance:jen.LearningTest@51081592]" name="testEasy" duration-ms="6791" started-at="2016-06-13T17:49:59Z" finished-at="2016-06-13T17:50:06Z">
          <reporter-output>
          </reporter-output>
        </test-method> <!-- testEasy -->
        <test-method status="PASS" signature="afterTest()[pri:0, instance:jen.LearningTest@51081592]" name="afterTest" is-config="true" duration-ms="941" started-at="2016-06-13T17:50:06Z" finished-at="2016-06-13T17:50:07Z">
          <reporter-output>
          </reporter-output>
        </test-method> <!-- afterTest -->
      </class> <!-- jen.LearningTest -->
    </test> <!-- Test -->
  </suite> <!-- Suite -->
</testng-results>
