<?xml version="1.0" encoding="UTF-8"?>
<testng-results skipped="0" failed="0" total="1" passed="1">
  <reporter-output>
  </reporter-output>
  <suite name="Default suite" duration-ms="9111" started-at="2016-06-14T11:09:21Z" finished-at="2016-06-14T11:09:30Z">
    <groups>
    </groups>
    <test name="Default test" duration-ms="9111" started-at="2016-06-14T11:09:21Z" finished-at="2016-06-14T11:09:30Z">
      <class name="jen.LearningTest">
        <test-method status="PASS" signature="testEasy()[pri:0, instance:jen.LearningTest@3c947bc5]" name="testEasy" duration-ms="9080" started-at="2016-06-14T16:39:21Z" finished-at="2016-06-14T16:39:30Z">
          <reporter-output>
          </reporter-output>
        </test-method> <!-- testEasy -->
      </class> <!-- jen.LearningTest -->
    </test> <!-- Default test -->
  </suite> <!-- Default suite -->
</testng-results>
